<?xml version="1.0" encoding="UTF-8"?>
<testng-results ignored="0" total="1" passed="1" failed="0" skipped="0">
  <reporter-output>
  </reporter-output>
  <suite started-at="2023-08-22T14:12:41 ART" name="Surefire suite" finished-at="2023-08-22T14:13:02 ART" duration-ms="21420">
    <groups>
    </groups>
    <test started-at="2023-08-22T14:12:41 ART" name="Surefire test" finished-at="2023-08-22T14:13:02 ART" duration-ms="21420">
      <class name="testsJava.Tests">
        <test-method is-config="true" signature="setUp()[pri:0, instance:testsJava.Tests@12e61fe6]" started-at="2023-08-22T14:12:41 ART" name="setUp" finished-at="2023-08-22T14:12:50 ART" duration-ms="9176" status="PASS">
          <reporter-output>
          </reporter-output>
        </test-method> <!-- setUp -->
        <test-method signature="pruebaTres()[pri:0, instance:testsJava.Tests@12e61fe6]" started-at="2023-08-22T14:12:50 ART" name="pruebaTres" finished-at="2023-08-22T14:13:02 ART" duration-ms="12126" status="PASS">
          <reporter-output>
          </reporter-output>
        </test-method> <!-- pruebaTres -->
        <test-method is-config="true" signature="tearDown()[pri:0, instance:testsJava.Tests@12e61fe6]" started-at="2023-08-22T14:13:02 ART" name="tearDown" finished-at="2023-08-22T14:13:02 ART" duration-ms="79" status="PASS">
          <reporter-output>
          </reporter-output>
        </test-method> <!-- tearDown -->
      </class> <!-- testsJava.Tests -->
    </test> <!-- Surefire test -->
  </suite> <!-- Surefire suite -->
</testng-results>
